{ time: [34m12-03-2022 18:39:54[39m level: [31merror[39m message: Cannot read property 'id' of undefinedCannot read property 'id' of undefined stack: TypeError: Cannot read property 'id' of undefined
    at exports.getCurrentUser (C:\MOSH\NODEJS\project\controllers\user.controller.js:60:21)
    at C:\MOSH\NODEJS\project\node_modules\express-async-errors\index.js:17:20
    at Layer.handle [as handle_request] (C:\MOSH\NODEJS\project\node_modules\express\lib\router\layer.js:95:5)
    at next (C:\MOSH\NODEJS\project\node_modules\express\lib\router\route.js:137:13)
    at Route.dispatch (C:\MOSH\NODEJS\project\node_modules\express\lib\router\route.js:112:3)
    at C:\MOSH\NODEJS\project\node_modules\express-async-errors\index.js:17:20
    at Layer.handle [as handle_request] (C:\MOSH\NODEJS\project\node_modules\express\lib\router\layer.js:95:5)
    at C:\MOSH\NODEJS\project\node_modules\express\lib\router\index.js:281:22
    at Function.process_params (C:\MOSH\NODEJS\project\node_modules\express\lib\router\index.js:341:12)
    at next (C:\MOSH\NODEJS\project\node_modules\express\lib\router\index.js:275:10) }
{ time: [34m12-03-2022 18:41:14[39m level: [31merror[39m message: Cannot read property '_id' of undefinedCannot read property '_id' of undefined stack: TypeError: Cannot read property '_id' of undefined
    at exports.getCurrentUser (C:\MOSH\NODEJS\project\controllers\user.controller.js:60:21)
    at C:\MOSH\NODEJS\project\node_modules\express-async-errors\index.js:17:20
    at Layer.handle [as handle_request] (C:\MOSH\NODEJS\project\node_modules\express\lib\router\layer.js:95:5)
    at next (C:\MOSH\NODEJS\project\node_modules\express\lib\router\route.js:137:13)
    at Route.dispatch (C:\MOSH\NODEJS\project\node_modules\express\lib\router\route.js:112:3)
    at C:\MOSH\NODEJS\project\node_modules\express-async-errors\index.js:17:20
    at Layer.handle [as handle_request] (C:\MOSH\NODEJS\project\node_modules\express\lib\router\layer.js:95:5)
    at C:\MOSH\NODEJS\project\node_modules\express\lib\router\index.js:281:22
    at Function.process_params (C:\MOSH\NODEJS\project\node_modules\express\lib\router\index.js:341:12)
    at next (C:\MOSH\NODEJS\project\node_modules\express\lib\router\index.js:275:10) }
{ time: [34m12-03-2022 18:43:02[39m level: [31merror[39m message: Cannot read property '_id' of undefinedCannot read property '_id' of undefined stack: TypeError: Cannot read property '_id' of undefined
    at exports.getCurrentUser (C:\MOSH\NODEJS\project\controllers\user.controller.js:60:21)
    at C:\MOSH\NODEJS\project\node_modules\express-async-errors\index.js:17:20
    at Layer.handle [as handle_request] (C:\MOSH\NODEJS\project\node_modules\express\lib\router\layer.js:95:5)
    at next (C:\MOSH\NODEJS\project\node_modules\express\lib\router\route.js:137:13)
    at Route.dispatch (C:\MOSH\NODEJS\project\node_modules\express\lib\router\route.js:112:3)
    at C:\MOSH\NODEJS\project\node_modules\express-async-errors\index.js:17:20
    at Layer.handle [as handle_request] (C:\MOSH\NODEJS\project\node_modules\express\lib\router\layer.js:95:5)
    at C:\MOSH\NODEJS\project\node_modules\express\lib\router\index.js:281:22
    at Function.process_params (C:\MOSH\NODEJS\project\node_modules\express\lib\router\index.js:341:12)
    at next (C:\MOSH\NODEJS\project\node_modules\express\lib\router\index.js:275:10) }
{ time: [34m12-03-2022 18:43:51[39m level: [31merror[39m message: erro is not definederro is not defined stack: ReferenceError: erro is not defined
    at exports.loginUser (C:\MOSH\NODEJS\project\controllers\user.controller.js:23:3)
    at C:\MOSH\NODEJS\project\node_modules\express-async-errors\index.js:17:20
    at Layer.handle [as handle_request] (C:\MOSH\NODEJS\project\node_modules\express\lib\router\layer.js:95:5)
    at next (C:\MOSH\NODEJS\project\node_modules\express\lib\router\route.js:137:13)
    at Route.dispatch (C:\MOSH\NODEJS\project\node_modules\express\lib\router\route.js:112:3)
    at C:\MOSH\NODEJS\project\node_modules\express-async-errors\index.js:17:20
    at Layer.handle [as handle_request] (C:\MOSH\NODEJS\project\node_modules\express\lib\router\layer.js:95:5)
    at C:\MOSH\NODEJS\project\node_modules\express\lib\router\index.js:281:22
    at Function.process_params (C:\MOSH\NODEJS\project\node_modules\express\lib\router\index.js:341:12)
    at next (C:\MOSH\NODEJS\project\node_modules\express\lib\router\index.js:275:10) }
{ time: [34m12-03-2022 18:47:12[39m level: [31merror[39m message: Cannot read property '_id' of undefinedCannot read property '_id' of undefined stack: TypeError: Cannot read property '_id' of undefined
    at exports.getCurrentUser (C:\MOSH\NODEJS\project\controllers\user.controller.js:60:21)
    at C:\MOSH\NODEJS\project\node_modules\express-async-errors\index.js:17:20
    at Layer.handle [as handle_request] (C:\MOSH\NODEJS\project\node_modules\express\lib\router\layer.js:95:5)
    at next (C:\MOSH\NODEJS\project\node_modules\express\lib\router\route.js:137:13)
    at Route.dispatch (C:\MOSH\NODEJS\project\node_modules\express\lib\router\route.js:112:3)
    at C:\MOSH\NODEJS\project\node_modules\express-async-errors\index.js:17:20
    at Layer.handle [as handle_request] (C:\MOSH\NODEJS\project\node_modules\express\lib\router\layer.js:95:5)
    at C:\MOSH\NODEJS\project\node_modules\express\lib\router\index.js:281:22
    at Function.process_params (C:\MOSH\NODEJS\project\node_modules\express\lib\router\index.js:341:12)
    at next (C:\MOSH\NODEJS\project\node_modules\express\lib\router\index.js:275:10) }
{ time: [34m12-03-2022 18:51:09[39m level: [31merror[39m message: Cannot read property '_id' of undefinedCannot read property '_id' of undefined stack: TypeError: Cannot read property '_id' of undefined
    at exports.getCurrentUser (C:\MOSH\NODEJS\project\controllers\user.controller.js:60:21)
    at C:\MOSH\NODEJS\project\node_modules\express-async-errors\index.js:17:20
    at Layer.handle [as handle_request] (C:\MOSH\NODEJS\project\node_modules\express\lib\router\layer.js:95:5)
    at next (C:\MOSH\NODEJS\project\node_modules\express\lib\router\route.js:137:13)
    at Route.dispatch (C:\MOSH\NODEJS\project\node_modules\express\lib\router\route.js:112:3)
    at C:\MOSH\NODEJS\project\node_modules\express-async-errors\index.js:17:20
    at Layer.handle [as handle_request] (C:\MOSH\NODEJS\project\node_modules\express\lib\router\layer.js:95:5)
    at C:\MOSH\NODEJS\project\node_modules\express\lib\router\index.js:281:22
    at Function.process_params (C:\MOSH\NODEJS\project\node_modules\express\lib\router\index.js:341:12)
    at next (C:\MOSH\NODEJS\project\node_modules\express\lib\router\index.js:275:10) }
{ time: [34m12-03-2022 18:51:46[39m level: [31merror[39m message: Cannot read property '_id' of undefinedCannot read property '_id' of undefined stack: TypeError: Cannot read property '_id' of undefined
    at exports.getCurrentUser (C:\MOSH\NODEJS\project\controllers\user.controller.js:60:21)
    at C:\MOSH\NODEJS\project\node_modules\express-async-errors\index.js:17:20
    at Layer.handle [as handle_request] (C:\MOSH\NODEJS\project\node_modules\express\lib\router\layer.js:95:5)
    at next (C:\MOSH\NODEJS\project\node_modules\express\lib\router\route.js:137:13)
    at Route.dispatch (C:\MOSH\NODEJS\project\node_modules\express\lib\router\route.js:112:3)
    at C:\MOSH\NODEJS\project\node_modules\express-async-errors\index.js:17:20
    at Layer.handle [as handle_request] (C:\MOSH\NODEJS\project\node_modules\express\lib\router\layer.js:95:5)
    at C:\MOSH\NODEJS\project\node_modules\express\lib\router\index.js:281:22
    at Function.process_params (C:\MOSH\NODEJS\project\node_modules\express\lib\router\index.js:341:12)
    at next (C:\MOSH\NODEJS\project\node_modules\express\lib\router\index.js:275:10) }
{ time: [34m12-03-2022 21:50:58[39m level: [31merror[39m message: Cannot read property 'id' of undefinedCannot read property 'id' of undefined stack: TypeError: Cannot read property 'id' of undefined
    at exports.getMessage (C:\MOSH\NODEJS\project\controllers\admin.controller.js:4:35)
    at C:\MOSH\NODEJS\project\node_modules\express-async-errors\index.js:17:20
    at Layer.handle [as handle_request] (C:\MOSH\NODEJS\project\node_modules\express\lib\router\layer.js:95:5)
    at next (C:\MOSH\NODEJS\project\node_modules\express\lib\router\route.js:137:13)
    at Route.dispatch (C:\MOSH\NODEJS\project\node_modules\express\lib\router\route.js:112:3)
    at C:\MOSH\NODEJS\project\node_modules\express-async-errors\index.js:17:20
    at Layer.handle [as handle_request] (C:\MOSH\NODEJS\project\node_modules\express\lib\router\layer.js:95:5)
    at C:\MOSH\NODEJS\project\node_modules\express\lib\router\index.js:281:22
    at Function.process_params (C:\MOSH\NODEJS\project\node_modules\express\lib\router\index.js:341:12)
    at next (C:\MOSH\NODEJS\project\node_modules\express\lib\router\index.js:275:10) }
{ time: [34m02-05-2022 20:09:30[39m level: [31merror[39m message: generateToken is not a functiongenerateToken is not a function stack: TypeError: generateToken is not a function
    at exports.signInUser (C:\CREDITCLAN\MY_PROJECT\mern_stack\server\controllers\user.controller.js:34:16)
    at processTicksAndRejections (internal/process/task_queues.js:93:5) }
{ time: [34m02-05-2022 20:10:59[39m level: [31merror[39m message: generateToken is not a functiongenerateToken is not a function stack: TypeError: generateToken is not a function
    at exports.signInUser (C:\CREDITCLAN\MY_PROJECT\mern_stack\server\controllers\user.controller.js:34:16)
    at processTicksAndRejections (internal/process/task_queues.js:93:5) }
{ time: [34m02-05-2022 20:15:49[39m level: [31merror[39m message: jwt is not definedjwt is not defined stack: ReferenceError: jwt is not defined
    at generateToken (C:\CREDITCLAN\MY_PROJECT\mern_stack\server\util\scripts\jwt.js:3:3)
    at exports.signInUser (C:\CREDITCLAN\MY_PROJECT\mern_stack\server\controllers\user.controller.js:34:16)
    at processTicksAndRejections (internal/process/task_queues.js:93:5) }
{ time: [34m02-05-2022 20:17:33[39m level: [31merror[39m message: secretOrPrivateKey must have a valuesecretOrPrivateKey must have a value stack: Error: secretOrPrivateKey must have a value
    at Object.module.exports [as sign] (C:\CREDITCLAN\MY_PROJECT\mern_stack\server\node_modules\jsonwebtoken\sign.js:107:20)
    at generateToken (C:\CREDITCLAN\MY_PROJECT\mern_stack\server\util\scripts\jwt.js:4:14)
    at exports.signInUser (C:\CREDITCLAN\MY_PROJECT\mern_stack\server\controllers\user.controller.js:34:16)
    at processTicksAndRejections (internal/process/task_queues.js:93:5) }
{ time: [34m02-05-2022 20:18:36[39m level: [31merror[39m message: secretOrPrivateKey must have a valuesecretOrPrivateKey must have a value stack: Error: secretOrPrivateKey must have a value
    at Object.module.exports [as sign] (C:\CREDITCLAN\MY_PROJECT\mern_stack\server\node_modules\jsonwebtoken\sign.js:107:20)
    at generateToken (C:\CREDITCLAN\MY_PROJECT\mern_stack\server\util\scripts\jwt.js:4:14)
    at exports.signInUser (C:\CREDITCLAN\MY_PROJECT\mern_stack\server\controllers\user.controller.js:34:16)
    at processTicksAndRejections (internal/process/task_queues.js:93:5) }
{ time: [34m02-05-2022 20:18:44[39m level: [31merror[39m message: secretOrPrivateKey must have a valuesecretOrPrivateKey must have a value stack: Error: secretOrPrivateKey must have a value
    at Object.module.exports [as sign] (C:\CREDITCLAN\MY_PROJECT\mern_stack\server\node_modules\jsonwebtoken\sign.js:107:20)
    at generateToken (C:\CREDITCLAN\MY_PROJECT\mern_stack\server\util\scripts\jwt.js:4:14)
    at exports.signInUser (C:\CREDITCLAN\MY_PROJECT\mern_stack\server\controllers\user.controller.js:34:16)
    at processTicksAndRejections (internal/process/task_queues.js:93:5) }
{ time: [34m02-05-2022 20:22:19[39m level: [31merror[39m message: secretOrPrivateKey must have a valuesecretOrPrivateKey must have a value stack: Error: secretOrPrivateKey must have a value
    at Object.module.exports [as sign] (C:\CREDITCLAN\MY_PROJECT\mern_stack\server\node_modules\jsonwebtoken\sign.js:107:20)
    at generateToken (C:\CREDITCLAN\MY_PROJECT\mern_stack\server\util\scripts\jwt.js:4:14)
    at exports.signInUser (C:\CREDITCLAN\MY_PROJECT\mern_stack\server\controllers\user.controller.js:34:16)
    at processTicksAndRejections (internal/process/task_queues.js:93:5) }
