{ time: [34m08-05-2022 21:28:10[39m level: [31merror[39m message: uncaughtException: Route.get() requires a callback function but got a [object Undefined]
Error: Route.get() requires a callback function but got a [object Undefined]
    at Route.<computed> [as get] (C:\CREDITCLAN\MY_PROJECT\mern_stack\server\node_modules\express\lib\router\route.js:202:15)
    at Function.proto.<computed> [as get] (C:\CREDITCLAN\MY_PROJECT\mern_stack\server\node_modules\express\lib\router\index.js:516:19)
    at Object.<anonymous> (C:\CREDITCLAN\MY_PROJECT\mern_stack\server\routes\order.route.js:6:8)
    at Module._compile (internal/modules/cjs/loader.js:1063:30)
    at Object.Module._extensions..js (internal/modules/cjs/loader.js:1092:10)
    at Module.load (internal/modules/cjs/loader.js:928:32)
    at Function.Module._load (internal/modules/cjs/loader.js:769:14)
    at Module.require (internal/modules/cjs/loader.js:952:19)
    at require (internal/modules/cjs/helpers.js:88:18)
    at Object.<anonymous> (C:\CREDITCLAN\MY_PROJECT\mern_stack\server\util\middleware&route.js:7:20) stack: Error: Route.get() requires a callback function but got a [object Undefined]
    at Route.<computed> [as get] (C:\CREDITCLAN\MY_PROJECT\mern_stack\server\node_modules\express\lib\router\route.js:202:15)
    at Function.proto.<computed> [as get] (C:\CREDITCLAN\MY_PROJECT\mern_stack\server\node_modules\express\lib\router\index.js:516:19)
    at Object.<anonymous> (C:\CREDITCLAN\MY_PROJECT\mern_stack\server\routes\order.route.js:6:8)
    at Module._compile (internal/modules/cjs/loader.js:1063:30)
    at Object.Module._extensions..js (internal/modules/cjs/loader.js:1092:10)
    at Module.load (internal/modules/cjs/loader.js:928:32)
    at Function.Module._load (internal/modules/cjs/loader.js:769:14)
    at Module.require (internal/modules/cjs/loader.js:952:19)
    at require (internal/modules/cjs/helpers.js:88:18)
    at Object.<anonymous> (C:\CREDITCLAN\MY_PROJECT\mern_stack\server\util\middleware&route.js:7:20) }
{ time: [34m09-05-2022 07:22:28[39m level: [31merror[39m message: uncaughtException: Route.put() requires a callback function but got a [object Undefined]
Error: Route.put() requires a callback function but got a [object Undefined]
    at Route.<computed> [as put] (C:\CREDITCLAN\MY_PROJECT\mern_stack\server\node_modules\express\lib\router\route.js:202:15)
    at Function.proto.<computed> [as put] (C:\CREDITCLAN\MY_PROJECT\mern_stack\server\node_modules\express\lib\router\index.js:516:19)
    at Object.<anonymous> (C:\CREDITCLAN\MY_PROJECT\mern_stack\server\routes\order.route.js:11:8)
    at Module._compile (internal/modules/cjs/loader.js:1063:30)
    at Object.Module._extensions..js (internal/modules/cjs/loader.js:1092:10)
    at Module.load (internal/modules/cjs/loader.js:928:32)
    at Function.Module._load (internal/modules/cjs/loader.js:769:14)
    at Module.require (internal/modules/cjs/loader.js:952:19)
    at require (internal/modules/cjs/helpers.js:88:18)
    at Object.<anonymous> (C:\CREDITCLAN\MY_PROJECT\mern_stack\server\util\middleware&route.js:7:20) stack: Error: Route.put() requires a callback function but got a [object Undefined]
    at Route.<computed> [as put] (C:\CREDITCLAN\MY_PROJECT\mern_stack\server\node_modules\express\lib\router\route.js:202:15)
    at Function.proto.<computed> [as put] (C:\CREDITCLAN\MY_PROJECT\mern_stack\server\node_modules\express\lib\router\index.js:516:19)
    at Object.<anonymous> (C:\CREDITCLAN\MY_PROJECT\mern_stack\server\routes\order.route.js:11:8)
    at Module._compile (internal/modules/cjs/loader.js:1063:30)
    at Object.Module._extensions..js (internal/modules/cjs/loader.js:1092:10)
    at Module.load (internal/modules/cjs/loader.js:928:32)
    at Function.Module._load (internal/modules/cjs/loader.js:769:14)
    at Module.require (internal/modules/cjs/loader.js:952:19)
    at require (internal/modules/cjs/helpers.js:88:18)
    at Object.<anonymous> (C:\CREDITCLAN\MY_PROJECT\mern_stack\server\util\middleware&route.js:7:20) }
{ time: [34m09-05-2022 08:17:47[39m level: [31merror[39m message: uncaughtException: Route.get() requires a callback function but got a [object Undefined]
Error: Route.get() requires a callback function but got a [object Undefined]
    at Route.<computed> [as get] (C:\CREDITCLAN\MY_PROJECT\mern_stack\server\node_modules\express\lib\router\route.js:202:15)
    at Function.proto.<computed> [as get] (C:\CREDITCLAN\MY_PROJECT\mern_stack\server\node_modules\express\lib\router\index.js:516:19)
    at Object.<anonymous> (C:\CREDITCLAN\MY_PROJECT\mern_stack\server\routes\user.route.js:7:8)
    at Module._compile (internal/modules/cjs/loader.js:1063:30)
    at Object.Module._extensions..js (internal/modules/cjs/loader.js:1092:10)
    at Module.load (internal/modules/cjs/loader.js:928:32)
    at Function.Module._load (internal/modules/cjs/loader.js:769:14)
    at Module.require (internal/modules/cjs/loader.js:952:19)
    at require (internal/modules/cjs/helpers.js:88:18)
    at Object.<anonymous> (C:\CREDITCLAN\MY_PROJECT\mern_stack\server\util\middleware&route.js:6:19) stack: Error: Route.get() requires a callback function but got a [object Undefined]
    at Route.<computed> [as get] (C:\CREDITCLAN\MY_PROJECT\mern_stack\server\node_modules\express\lib\router\route.js:202:15)
    at Function.proto.<computed> [as get] (C:\CREDITCLAN\MY_PROJECT\mern_stack\server\node_modules\express\lib\router\index.js:516:19)
    at Object.<anonymous> (C:\CREDITCLAN\MY_PROJECT\mern_stack\server\routes\user.route.js:7:8)
    at Module._compile (internal/modules/cjs/loader.js:1063:30)
    at Object.Module._extensions..js (internal/modules/cjs/loader.js:1092:10)
    at Module.load (internal/modules/cjs/loader.js:928:32)
    at Function.Module._load (internal/modules/cjs/loader.js:769:14)
    at Module.require (internal/modules/cjs/loader.js:952:19)
    at require (internal/modules/cjs/helpers.js:88:18)
    at Object.<anonymous> (C:\CREDITCLAN\MY_PROJECT\mern_stack\server\util\middleware&route.js:6:19) }
{ time: [34m09-05-2022 12:44:02[39m level: [31merror[39m message: uncaughtException: Route.get() requires a callback function but got a [object Undefined]
Error: Route.get() requires a callback function but got a [object Undefined]
    at Route.<computed> [as get] (C:\CREDITCLAN\MY_PROJECT\mern_stack\server\node_modules\express\lib\router\route.js:202:15)
    at Function.proto.<computed> [as get] (C:\CREDITCLAN\MY_PROJECT\mern_stack\server\node_modules\express\lib\router\index.js:516:19)
    at Object.<anonymous> (C:\CREDITCLAN\MY_PROJECT\mern_stack\server\routes\user.route.js:8:8)
    at Module._compile (internal/modules/cjs/loader.js:1063:30)
    at Object.Module._extensions..js (internal/modules/cjs/loader.js:1092:10)
    at Module.load (internal/modules/cjs/loader.js:928:32)
    at Function.Module._load (internal/modules/cjs/loader.js:769:14)
    at Module.require (internal/modules/cjs/loader.js:952:19)
    at require (internal/modules/cjs/helpers.js:88:18)
    at Object.<anonymous> (C:\CREDITCLAN\MY_PROJECT\mern_stack\server\util\middleware&route.js:6:19) stack: Error: Route.get() requires a callback function but got a [object Undefined]
    at Route.<computed> [as get] (C:\CREDITCLAN\MY_PROJECT\mern_stack\server\node_modules\express\lib\router\route.js:202:15)
    at Function.proto.<computed> [as get] (C:\CREDITCLAN\MY_PROJECT\mern_stack\server\node_modules\express\lib\router\index.js:516:19)
    at Object.<anonymous> (C:\CREDITCLAN\MY_PROJECT\mern_stack\server\routes\user.route.js:8:8)
    at Module._compile (internal/modules/cjs/loader.js:1063:30)
    at Object.Module._extensions..js (internal/modules/cjs/loader.js:1092:10)
    at Module.load (internal/modules/cjs/loader.js:928:32)
    at Function.Module._load (internal/modules/cjs/loader.js:769:14)
    at Module.require (internal/modules/cjs/loader.js:952:19)
    at require (internal/modules/cjs/helpers.js:88:18)
    at Object.<anonymous> (C:\CREDITCLAN\MY_PROJECT\mern_stack\server\util\middleware&route.js:6:19) }
{ time: [34m09-05-2022 12:44:43[39m level: [31merror[39m message: uncaughtException: Route.put() requires a callback function but got a [object Undefined]
Error: Route.put() requires a callback function but got a [object Undefined]
    at Route.<computed> [as put] (C:\CREDITCLAN\MY_PROJECT\mern_stack\server\node_modules\express\lib\router\route.js:202:15)
    at Function.proto.<computed> [as put] (C:\CREDITCLAN\MY_PROJECT\mern_stack\server\node_modules\express\lib\router\index.js:516:19)
    at Object.<anonymous> (C:\CREDITCLAN\MY_PROJECT\mern_stack\server\routes\user.route.js:9:8)
    at Module._compile (internal/modules/cjs/loader.js:1063:30)
    at Object.Module._extensions..js (internal/modules/cjs/loader.js:1092:10)
    at Module.load (internal/modules/cjs/loader.js:928:32)
    at Function.Module._load (internal/modules/cjs/loader.js:769:14)
    at Module.require (internal/modules/cjs/loader.js:952:19)
    at require (internal/modules/cjs/helpers.js:88:18)
    at Object.<anonymous> (C:\CREDITCLAN\MY_PROJECT\mern_stack\server\util\middleware&route.js:6:19) stack: Error: Route.put() requires a callback function but got a [object Undefined]
    at Route.<computed> [as put] (C:\CREDITCLAN\MY_PROJECT\mern_stack\server\node_modules\express\lib\router\route.js:202:15)
    at Function.proto.<computed> [as put] (C:\CREDITCLAN\MY_PROJECT\mern_stack\server\node_modules\express\lib\router\index.js:516:19)
    at Object.<anonymous> (C:\CREDITCLAN\MY_PROJECT\mern_stack\server\routes\user.route.js:9:8)
    at Module._compile (internal/modules/cjs/loader.js:1063:30)
    at Object.Module._extensions..js (internal/modules/cjs/loader.js:1092:10)
    at Module.load (internal/modules/cjs/loader.js:928:32)
    at Function.Module._load (internal/modules/cjs/loader.js:769:14)
    at Module.require (internal/modules/cjs/loader.js:952:19)
    at require (internal/modules/cjs/helpers.js:88:18)
    at Object.<anonymous> (C:\CREDITCLAN\MY_PROJECT\mern_stack\server\util\middleware&route.js:6:19) }
{ time: [34m09-05-2022 12:45:01[39m level: [31merror[39m message: uncaughtException: Route.put() requires a callback function but got a [object Undefined]
Error: Route.put() requires a callback function but got a [object Undefined]
    at Route.<computed> [as put] (C:\CREDITCLAN\MY_PROJECT\mern_stack\server\node_modules\express\lib\router\route.js:202:15)
    at Function.proto.<computed> [as put] (C:\CREDITCLAN\MY_PROJECT\mern_stack\server\node_modules\express\lib\router\index.js:516:19)
    at Object.<anonymous> (C:\CREDITCLAN\MY_PROJECT\mern_stack\server\routes\user.route.js:9:8)
    at Module._compile (internal/modules/cjs/loader.js:1063:30)
    at Object.Module._extensions..js (internal/modules/cjs/loader.js:1092:10)
    at Module.load (internal/modules/cjs/loader.js:928:32)
    at Function.Module._load (internal/modules/cjs/loader.js:769:14)
    at Module.require (internal/modules/cjs/loader.js:952:19)
    at require (internal/modules/cjs/helpers.js:88:18)
    at Object.<anonymous> (C:\CREDITCLAN\MY_PROJECT\mern_stack\server\util\middleware&route.js:6:19) stack: Error: Route.put() requires a callback function but got a [object Undefined]
    at Route.<computed> [as put] (C:\CREDITCLAN\MY_PROJECT\mern_stack\server\node_modules\express\lib\router\route.js:202:15)
    at Function.proto.<computed> [as put] (C:\CREDITCLAN\MY_PROJECT\mern_stack\server\node_modules\express\lib\router\index.js:516:19)
    at Object.<anonymous> (C:\CREDITCLAN\MY_PROJECT\mern_stack\server\routes\user.route.js:9:8)
    at Module._compile (internal/modules/cjs/loader.js:1063:30)
    at Object.Module._extensions..js (internal/modules/cjs/loader.js:1092:10)
    at Module.load (internal/modules/cjs/loader.js:928:32)
    at Function.Module._load (internal/modules/cjs/loader.js:769:14)
    at Module.require (internal/modules/cjs/loader.js:952:19)
    at require (internal/modules/cjs/helpers.js:88:18)
    at Object.<anonymous> (C:\CREDITCLAN\MY_PROJECT\mern_stack\server\util\middleware&route.js:6:19) }
{ time: [34m09-05-2022 22:22:38[39m level: [31merror[39m message: uncaughtException: Router.use() requires a middleware function but got a Object
TypeError: Router.use() requires a middleware function but got a Object
    at Function.use (C:\CREDITCLAN\MY_PROJECT\mern_stack\server\node_modules\express\lib\router\index.js:464:13)
    at Function.<anonymous> (C:\CREDITCLAN\MY_PROJECT\mern_stack\server\node_modules\express\lib\application.js:220:21)
    at Array.forEach (<anonymous>)
    at Function.use (C:\CREDITCLAN\MY_PROJECT\mern_stack\server\node_modules\express\lib\application.js:217:7)
    at module.exports (C:\CREDITCLAN\MY_PROJECT\mern_stack\server\util\middleware&route.js:17:7)
    at Object.<anonymous> (C:\CREDITCLAN\MY_PROJECT\mern_stack\server\index.js:7:35)
    at Module._compile (internal/modules/cjs/loader.js:1063:30)
    at Object.Module._extensions..js (internal/modules/cjs/loader.js:1092:10)
    at Module.load (internal/modules/cjs/loader.js:928:32)
    at Function.Module._load (internal/modules/cjs/loader.js:769:14) stack: TypeError: Router.use() requires a middleware function but got a Object
    at Function.use (C:\CREDITCLAN\MY_PROJECT\mern_stack\server\node_modules\express\lib\router\index.js:464:13)
    at Function.<anonymous> (C:\CREDITCLAN\MY_PROJECT\mern_stack\server\node_modules\express\lib\application.js:220:21)
    at Array.forEach (<anonymous>)
    at Function.use (C:\CREDITCLAN\MY_PROJECT\mern_stack\server\node_modules\express\lib\application.js:217:7)
    at module.exports (C:\CREDITCLAN\MY_PROJECT\mern_stack\server\util\middleware&route.js:17:7)
    at Object.<anonymous> (C:\CREDITCLAN\MY_PROJECT\mern_stack\server\index.js:7:35)
    at Module._compile (internal/modules/cjs/loader.js:1063:30)
    at Object.Module._extensions..js (internal/modules/cjs/loader.js:1092:10)
    at Module.load (internal/modules/cjs/loader.js:928:32)
    at Function.Module._load (internal/modules/cjs/loader.js:769:14) }
{ time: [34m09-05-2022 22:23:47[39m level: [31merror[39m message: uncaughtException: Router.use() requires a middleware function but got a Object
TypeError: Router.use() requires a middleware function but got a Object
    at Function.use (C:\CREDITCLAN\MY_PROJECT\mern_stack\server\node_modules\express\lib\router\index.js:464:13)
    at Function.<anonymous> (C:\CREDITCLAN\MY_PROJECT\mern_stack\server\node_modules\express\lib\application.js:220:21)
    at Array.forEach (<anonymous>)
    at Function.use (C:\CREDITCLAN\MY_PROJECT\mern_stack\server\node_modules\express\lib\application.js:217:7)
    at module.exports (C:\CREDITCLAN\MY_PROJECT\mern_stack\server\util\middleware&route.js:17:7)
    at Object.<anonymous> (C:\CREDITCLAN\MY_PROJECT\mern_stack\server\index.js:7:35)
    at Module._compile (internal/modules/cjs/loader.js:1063:30)
    at Object.Module._extensions..js (internal/modules/cjs/loader.js:1092:10)
    at Module.load (internal/modules/cjs/loader.js:928:32)
    at Function.Module._load (internal/modules/cjs/loader.js:769:14) stack: TypeError: Router.use() requires a middleware function but got a Object
    at Function.use (C:\CREDITCLAN\MY_PROJECT\mern_stack\server\node_modules\express\lib\router\index.js:464:13)
    at Function.<anonymous> (C:\CREDITCLAN\MY_PROJECT\mern_stack\server\node_modules\express\lib\application.js:220:21)
    at Array.forEach (<anonymous>)
    at Function.use (C:\CREDITCLAN\MY_PROJECT\mern_stack\server\node_modules\express\lib\application.js:217:7)
    at module.exports (C:\CREDITCLAN\MY_PROJECT\mern_stack\server\util\middleware&route.js:17:7)
    at Object.<anonymous> (C:\CREDITCLAN\MY_PROJECT\mern_stack\server\index.js:7:35)
    at Module._compile (internal/modules/cjs/loader.js:1063:30)
    at Object.Module._extensions..js (internal/modules/cjs/loader.js:1092:10)
    at Module.load (internal/modules/cjs/loader.js:928:32)
    at Function.Module._load (internal/modules/cjs/loader.js:769:14) }
{ time: [34m09-05-2022 22:24:53[39m level: [31merror[39m message: uncaughtException: Router.use() requires a middleware function but got a Object
TypeError: Router.use() requires a middleware function but got a Object
    at Function.use (C:\CREDITCLAN\MY_PROJECT\mern_stack\server\node_modules\express\lib\router\index.js:464:13)
    at Function.<anonymous> (C:\CREDITCLAN\MY_PROJECT\mern_stack\server\node_modules\express\lib\application.js:220:21)
    at Array.forEach (<anonymous>)
    at Function.use (C:\CREDITCLAN\MY_PROJECT\mern_stack\server\node_modules\express\lib\application.js:217:7)
    at module.exports (C:\CREDITCLAN\MY_PROJECT\mern_stack\server\util\middleware&route.js:17:7)
    at Object.<anonymous> (C:\CREDITCLAN\MY_PROJECT\mern_stack\server\index.js:7:35)
    at Module._compile (internal/modules/cjs/loader.js:1063:30)
    at Object.Module._extensions..js (internal/modules/cjs/loader.js:1092:10)
    at Module.load (internal/modules/cjs/loader.js:928:32)
    at Function.Module._load (internal/modules/cjs/loader.js:769:14) stack: TypeError: Router.use() requires a middleware function but got a Object
    at Function.use (C:\CREDITCLAN\MY_PROJECT\mern_stack\server\node_modules\express\lib\router\index.js:464:13)
    at Function.<anonymous> (C:\CREDITCLAN\MY_PROJECT\mern_stack\server\node_modules\express\lib\application.js:220:21)
    at Array.forEach (<anonymous>)
    at Function.use (C:\CREDITCLAN\MY_PROJECT\mern_stack\server\node_modules\express\lib\application.js:217:7)
    at module.exports (C:\CREDITCLAN\MY_PROJECT\mern_stack\server\util\middleware&route.js:17:7)
    at Object.<anonymous> (C:\CREDITCLAN\MY_PROJECT\mern_stack\server\index.js:7:35)
    at Module._compile (internal/modules/cjs/loader.js:1063:30)
    at Object.Module._extensions..js (internal/modules/cjs/loader.js:1092:10)
    at Module.load (internal/modules/cjs/loader.js:928:32)
    at Function.Module._load (internal/modules/cjs/loader.js:769:14) }
{ time: [34m09-05-2022 22:25:11[39m level: [31merror[39m message: uncaughtException: Router.use() requires a middleware function but got a Object
TypeError: Router.use() requires a middleware function but got a Object
    at Function.use (C:\CREDITCLAN\MY_PROJECT\mern_stack\server\node_modules\express\lib\router\index.js:464:13)
    at Function.<anonymous> (C:\CREDITCLAN\MY_PROJECT\mern_stack\server\node_modules\express\lib\application.js:220:21)
    at Array.forEach (<anonymous>)
    at Function.use (C:\CREDITCLAN\MY_PROJECT\mern_stack\server\node_modules\express\lib\application.js:217:7)
    at module.exports (C:\CREDITCLAN\MY_PROJECT\mern_stack\server\util\middleware&route.js:17:7)
    at Object.<anonymous> (C:\CREDITCLAN\MY_PROJECT\mern_stack\server\index.js:7:35)
    at Module._compile (internal/modules/cjs/loader.js:1063:30)
    at Object.Module._extensions..js (internal/modules/cjs/loader.js:1092:10)
    at Module.load (internal/modules/cjs/loader.js:928:32)
    at Function.Module._load (internal/modules/cjs/loader.js:769:14) stack: TypeError: Router.use() requires a middleware function but got a Object
    at Function.use (C:\CREDITCLAN\MY_PROJECT\mern_stack\server\node_modules\express\lib\router\index.js:464:13)
    at Function.<anonymous> (C:\CREDITCLAN\MY_PROJECT\mern_stack\server\node_modules\express\lib\application.js:220:21)
    at Array.forEach (<anonymous>)
    at Function.use (C:\CREDITCLAN\MY_PROJECT\mern_stack\server\node_modules\express\lib\application.js:217:7)
    at module.exports (C:\CREDITCLAN\MY_PROJECT\mern_stack\server\util\middleware&route.js:17:7)
    at Object.<anonymous> (C:\CREDITCLAN\MY_PROJECT\mern_stack\server\index.js:7:35)
    at Module._compile (internal/modules/cjs/loader.js:1063:30)
    at Object.Module._extensions..js (internal/modules/cjs/loader.js:1092:10)
    at Module.load (internal/modules/cjs/loader.js:928:32)
    at Function.Module._load (internal/modules/cjs/loader.js:769:14) }
{ time: [34m09-05-2022 22:25:39[39m level: [31merror[39m message: uncaughtException: Router.use() requires a middleware function but got a Object
TypeError: Router.use() requires a middleware function but got a Object
    at Function.use (C:\CREDITCLAN\MY_PROJECT\mern_stack\server\node_modules\express\lib\router\index.js:464:13)
    at Function.<anonymous> (C:\CREDITCLAN\MY_PROJECT\mern_stack\server\node_modules\express\lib\application.js:220:21)
    at Array.forEach (<anonymous>)
    at Function.use (C:\CREDITCLAN\MY_PROJECT\mern_stack\server\node_modules\express\lib\application.js:217:7)
    at module.exports (C:\CREDITCLAN\MY_PROJECT\mern_stack\server\util\middleware&route.js:17:7)
    at Object.<anonymous> (C:\CREDITCLAN\MY_PROJECT\mern_stack\server\index.js:7:35)
    at Module._compile (internal/modules/cjs/loader.js:1063:30)
    at Object.Module._extensions..js (internal/modules/cjs/loader.js:1092:10)
    at Module.load (internal/modules/cjs/loader.js:928:32)
    at Function.Module._load (internal/modules/cjs/loader.js:769:14) stack: TypeError: Router.use() requires a middleware function but got a Object
    at Function.use (C:\CREDITCLAN\MY_PROJECT\mern_stack\server\node_modules\express\lib\router\index.js:464:13)
    at Function.<anonymous> (C:\CREDITCLAN\MY_PROJECT\mern_stack\server\node_modules\express\lib\application.js:220:21)
    at Array.forEach (<anonymous>)
    at Function.use (C:\CREDITCLAN\MY_PROJECT\mern_stack\server\node_modules\express\lib\application.js:217:7)
    at module.exports (C:\CREDITCLAN\MY_PROJECT\mern_stack\server\util\middleware&route.js:17:7)
    at Object.<anonymous> (C:\CREDITCLAN\MY_PROJECT\mern_stack\server\index.js:7:35)
    at Module._compile (internal/modules/cjs/loader.js:1063:30)
    at Object.Module._extensions..js (internal/modules/cjs/loader.js:1092:10)
    at Module.load (internal/modules/cjs/loader.js:928:32)
    at Function.Module._load (internal/modules/cjs/loader.js:769:14) }
{ time: [34m09-05-2022 22:29:32[39m level: [31merror[39m message: uncaughtException: Router.use() requires a middleware function but got a Object
TypeError: Router.use() requires a middleware function but got a Object
    at Function.use (C:\CREDITCLAN\MY_PROJECT\mern_stack\server\node_modules\express\lib\router\index.js:464:13)
    at Function.<anonymous> (C:\CREDITCLAN\MY_PROJECT\mern_stack\server\node_modules\express\lib\application.js:220:21)
    at Array.forEach (<anonymous>)
    at Function.use (C:\CREDITCLAN\MY_PROJECT\mern_stack\server\node_modules\express\lib\application.js:217:7)
    at module.exports (C:\CREDITCLAN\MY_PROJECT\mern_stack\server\util\middleware&route.js:17:7)
    at Object.<anonymous> (C:\CREDITCLAN\MY_PROJECT\mern_stack\server\index.js:7:35)
    at Module._compile (internal/modules/cjs/loader.js:1063:30)
    at Object.Module._extensions..js (internal/modules/cjs/loader.js:1092:10)
    at Module.load (internal/modules/cjs/loader.js:928:32)
    at Function.Module._load (internal/modules/cjs/loader.js:769:14) stack: TypeError: Router.use() requires a middleware function but got a Object
    at Function.use (C:\CREDITCLAN\MY_PROJECT\mern_stack\server\node_modules\express\lib\router\index.js:464:13)
    at Function.<anonymous> (C:\CREDITCLAN\MY_PROJECT\mern_stack\server\node_modules\express\lib\application.js:220:21)
    at Array.forEach (<anonymous>)
    at Function.use (C:\CREDITCLAN\MY_PROJECT\mern_stack\server\node_modules\express\lib\application.js:217:7)
    at module.exports (C:\CREDITCLAN\MY_PROJECT\mern_stack\server\util\middleware&route.js:17:7)
    at Object.<anonymous> (C:\CREDITCLAN\MY_PROJECT\mern_stack\server\index.js:7:35)
    at Module._compile (internal/modules/cjs/loader.js:1063:30)
    at Object.Module._extensions..js (internal/modules/cjs/loader.js:1092:10)
    at Module.load (internal/modules/cjs/loader.js:928:32)
    at Function.Module._load (internal/modules/cjs/loader.js:769:14) }
{ time: [34m09-05-2022 22:31:55[39m level: [31merror[39m message: uncaughtException: Router.use() requires a middleware function but got a Object
TypeError: Router.use() requires a middleware function but got a Object
    at Function.use (C:\CREDITCLAN\MY_PROJECT\mern_stack\server\node_modules\express\lib\router\index.js:464:13)
    at Function.<anonymous> (C:\CREDITCLAN\MY_PROJECT\mern_stack\server\node_modules\express\lib\application.js:220:21)
    at Array.forEach (<anonymous>)
    at Function.use (C:\CREDITCLAN\MY_PROJECT\mern_stack\server\node_modules\express\lib\application.js:217:7)
    at module.exports (C:\CREDITCLAN\MY_PROJECT\mern_stack\server\util\middleware&route.js:15:7)
    at Object.<anonymous> (C:\CREDITCLAN\MY_PROJECT\mern_stack\server\index.js:7:35)
    at Module._compile (internal/modules/cjs/loader.js:1063:30)
    at Object.Module._extensions..js (internal/modules/cjs/loader.js:1092:10)
    at Module.load (internal/modules/cjs/loader.js:928:32)
    at Function.Module._load (internal/modules/cjs/loader.js:769:14) stack: TypeError: Router.use() requires a middleware function but got a Object
    at Function.use (C:\CREDITCLAN\MY_PROJECT\mern_stack\server\node_modules\express\lib\router\index.js:464:13)
    at Function.<anonymous> (C:\CREDITCLAN\MY_PROJECT\mern_stack\server\node_modules\express\lib\application.js:220:21)
    at Array.forEach (<anonymous>)
    at Function.use (C:\CREDITCLAN\MY_PROJECT\mern_stack\server\node_modules\express\lib\application.js:217:7)
    at module.exports (C:\CREDITCLAN\MY_PROJECT\mern_stack\server\util\middleware&route.js:15:7)
    at Object.<anonymous> (C:\CREDITCLAN\MY_PROJECT\mern_stack\server\index.js:7:35)
    at Module._compile (internal/modules/cjs/loader.js:1063:30)
    at Object.Module._extensions..js (internal/modules/cjs/loader.js:1092:10)
    at Module.load (internal/modules/cjs/loader.js:928:32)
    at Function.Module._load (internal/modules/cjs/loader.js:769:14) }
{ time: [34m10-05-2022 00:08:21[39m level: [31merror[39m message: uncaughtException: Route.post() requires a callback function but got a [object Undefined]
Error: Route.post() requires a callback function but got a [object Undefined]
    at Route.<computed> [as post] (C:\CREDITCLAN\MY_PROJECT\mern_stack\server\node_modules\express\lib\router\route.js:202:15)
    at Function.proto.<computed> [as post] (C:\CREDITCLAN\MY_PROJECT\mern_stack\server\node_modules\express\lib\router\index.js:516:19)
    at Object.<anonymous> (C:\CREDITCLAN\MY_PROJECT\mern_stack\server\routes\product.route.js:25:8)
    at Module._compile (internal/modules/cjs/loader.js:1063:30)
    at Object.Module._extensions..js (internal/modules/cjs/loader.js:1092:10)
    at Module.load (internal/modules/cjs/loader.js:928:32)
    at Function.Module._load (internal/modules/cjs/loader.js:769:14)
    at Module.require (internal/modules/cjs/loader.js:952:19)
    at require (internal/modules/cjs/helpers.js:88:18)
    at Object.<anonymous> (C:\CREDITCLAN\MY_PROJECT\mern_stack\server\util\middleware&route.js:5:22) stack: Error: Route.post() requires a callback function but got a [object Undefined]
    at Route.<computed> [as post] (C:\CREDITCLAN\MY_PROJECT\mern_stack\server\node_modules\express\lib\router\route.js:202:15)
    at Function.proto.<computed> [as post] (C:\CREDITCLAN\MY_PROJECT\mern_stack\server\node_modules\express\lib\router\index.js:516:19)
    at Object.<anonymous> (C:\CREDITCLAN\MY_PROJECT\mern_stack\server\routes\product.route.js:25:8)
    at Module._compile (internal/modules/cjs/loader.js:1063:30)
    at Object.Module._extensions..js (internal/modules/cjs/loader.js:1092:10)
    at Module.load (internal/modules/cjs/loader.js:928:32)
    at Function.Module._load (internal/modules/cjs/loader.js:769:14)
    at Module.require (internal/modules/cjs/loader.js:952:19)
    at require (internal/modules/cjs/helpers.js:88:18)
    at Object.<anonymous> (C:\CREDITCLAN\MY_PROJECT\mern_stack\server\util\middleware&route.js:5:22) }
{ time: [34m11-05-2022 23:36:44[39m level: [31merror[39m message: uncaughtException: Route.post() requires a callback function but got a [object Undefined]
Error: Route.post() requires a callback function but got a [object Undefined]
    at Route.<computed> [as post] (C:\CREDITCLAN\MY_PROJECT\mern_stack\server\node_modules\express\lib\router\route.js:202:15)
    at Function.proto.<computed> [as post] (C:\CREDITCLAN\MY_PROJECT\mern_stack\server\node_modules\express\lib\router\index.js:516:19)
    at Object.<anonymous> (C:\CREDITCLAN\MY_PROJECT\mern_stack\server\routes\order.route.js:10:8)
    at Module._compile (internal/modules/cjs/loader.js:1063:30)
    at Object.Module._extensions..js (internal/modules/cjs/loader.js:1092:10)
    at Module.load (internal/modules/cjs/loader.js:928:32)
    at Function.Module._load (internal/modules/cjs/loader.js:769:14)
    at Module.require (internal/modules/cjs/loader.js:952:19)
    at require (internal/modules/cjs/helpers.js:88:18)
    at Object.<anonymous> (C:\CREDITCLAN\MY_PROJECT\mern_stack\server\util\middleware&route.js:7:20) stack: Error: Route.post() requires a callback function but got a [object Undefined]
    at Route.<computed> [as post] (C:\CREDITCLAN\MY_PROJECT\mern_stack\server\node_modules\express\lib\router\route.js:202:15)
    at Function.proto.<computed> [as post] (C:\CREDITCLAN\MY_PROJECT\mern_stack\server\node_modules\express\lib\router\index.js:516:19)
    at Object.<anonymous> (C:\CREDITCLAN\MY_PROJECT\mern_stack\server\routes\order.route.js:10:8)
    at Module._compile (internal/modules/cjs/loader.js:1063:30)
    at Object.Module._extensions..js (internal/modules/cjs/loader.js:1092:10)
    at Module.load (internal/modules/cjs/loader.js:928:32)
    at Function.Module._load (internal/modules/cjs/loader.js:769:14)
    at Module.require (internal/modules/cjs/loader.js:952:19)
    at require (internal/modules/cjs/helpers.js:88:18)
    at Object.<anonymous> (C:\CREDITCLAN\MY_PROJECT\mern_stack\server\util\middleware&route.js:7:20) }
